*** Installation started 2017/03/11 08:05 ***
Source: C:\Users\Michael\Downloads\python-dateutil-1.5.win32 (1).exe
999 Root Key: HKEY_CURRENT_USER
020 Reg DB Key: [Software\Microsoft\Windows\CurrentVersion\Uninstall]python-dateutil-py2.7
040 Reg DB Value: [Software\Microsoft\Windows\CurrentVersion\Uninstall\python-dateutil-py2.7]DisplayName=Python 2.7 python-dateutil-1.5
040 Reg DB Value: [Software\Microsoft\Windows\CurrentVersion\Uninstall\python-dateutil-py2.7]UninstallString="C:\Python27\Removepython-dateutil.exe" -u "C:\Python27\python-dateutil-wininst.log"
200 File Copy: C:\Python27\Lib\site-packages\dateutil\easter.py
200 File Copy: C:\Python27\Lib\site-packages\dateutil\parser.py
200 File Copy: C:\Python27\Lib\site-packages\dateutil\relativedelta.py
200 File Copy: C:\Python27\Lib\site-packages\dateutil\rrule.py
200 File Copy: C:\Python27\Lib\site-packages\dateutil\tz.py
200 File Copy: C:\Python27\Lib\site-packages\dateutil\tzwin.py
200 File Copy: C:\Python27\Lib\site-packages\dateutil\__init__.py
200 File Copy: C:\Python27\Lib\site-packages\dateutil\zoneinfo\zoneinfo-2010g.tar.gz
200 File Copy: C:\Python27\Lib\site-packages\dateutil\zoneinfo\__init__.py
100 Made Dir: C:\Python27\Lib\site-packages\python_dateutil-1.5-py2.7.egg-info
200 File Copy: C:\Python27\Lib\site-packages\python_dateutil-1.5-py2.7.egg-info\dependency_links.txt
200 File Copy: C:\Python27\Lib\site-packages\python_dateutil-1.5-py2.7.egg-info\not-zip-safe
200 File Copy: C:\Python27\Lib\site-packages\python_dateutil-1.5-py2.7.egg-info\PKG-INFO
200 File Copy: C:\Python27\Lib\site-packages\python_dateutil-1.5-py2.7.egg-info\SOURCES.txt
200 File Copy: C:\Python27\Lib\site-packages\python_dateutil-1.5-py2.7.egg-info\top_level.txt
200 File Copy: C:\Python27\Lib\site-packages\dateutil\zoneinfo\__init__.pyc
200 File Copy: C:\Python27\Lib\site-packages\dateutil\__init__.pyc
200 File Copy: C:\Python27\Lib\site-packages\dateutil\tzwin.pyc
200 File Copy: C:\Python27\Lib\site-packages\dateutil\tz.pyc
200 File Copy: C:\Python27\Lib\site-packages\dateutil\rrule.pyc
200 File Copy: C:\Python27\Lib\site-packages\dateutil\relativedelta.pyc
200 File Copy: C:\Python27\Lib\site-packages\dateutil\parser.pyc
200 File Copy: C:\Python27\Lib\site-packages\dateutil\easter.pyc
200 File Copy: C:\Python27\Lib\site-packages\dateutil\zoneinfo\__init__.pyo
200 File Copy: C:\Python27\Lib\site-packages\dateutil\__init__.pyo
200 File Copy: C:\Python27\Lib\site-packages\dateutil\tzwin.pyo
200 File Copy: C:\Python27\Lib\site-packages\dateutil\tz.pyo
200 File Copy: C:\Python27\Lib\site-packages\dateutil\rrule.pyo
200 File Copy: C:\Python27\Lib\site-packages\dateutil\relativedelta.pyo
200 File Copy: C:\Python27\Lib\site-packages\dateutil\parser.pyo
200 File Copy: C:\Python27\Lib\site-packages\dateutil\easter.pyo
