*** Installation started 2017/03/11 08:06 ***
Source: C:\Users\Michael\Downloads\QSTK-0.2.6.win32.exe
999 Root Key: HKEY_CURRENT_USER
020 Reg DB Key: [Software\Microsoft\Windows\CurrentVersion\Uninstall]QSTK-py2.7
040 Reg DB Value: [Software\Microsoft\Windows\CurrentVersion\Uninstall\QSTK-py2.7]DisplayName=Python 2.7 QSTK-0.2.6
040 Reg DB Value: [Software\Microsoft\Windows\CurrentVersion\Uninstall\QSTK-py2.7]UninstallString="C:\Python27\RemoveQSTK.exe" -u "C:\Python27\QSTK-wininst.log"
200 File Copy: C:\Python27\Lib\site-packages\QSTK-0.2.6-py2.7-nspkg.pth
100 Made Dir: C:\Python27\Lib\site-packages\bin
200 File Copy: C:\Python27\Lib\site-packages\bin\.bash_profile
200 File Copy: C:\Python27\Lib\site-packages\bin\converter.py
200 File Copy: C:\Python27\Lib\site-packages\bin\csvformatter.py
200 File Copy: C:\Python27\Lib\site-packages\bin\DataGenerate_SineWave.py
200 File Copy: C:\Python27\Lib\site-packages\bin\Data_CSV.py
200 File Copy: C:\Python27\Lib\site-packages\bin\gen_nyse_dates.py
200 File Copy: C:\Python27\Lib\site-packages\bin\investors_report.py
200 File Copy: C:\Python27\Lib\site-packages\bin\__init__.py
200 File Copy: C:\Python27\Lib\site-packages\QSTK\QSData\Yahoo\$DJI.csv
200 File Copy: C:\Python27\Lib\site-packages\QSTK\QSData\Yahoo\$SPX.csv
200 File Copy: C:\Python27\Lib\site-packages\QSTK\QSData\Yahoo\$VIX.csv
200 File Copy: C:\Python27\Lib\site-packages\QSTK\QSData\Yahoo\A.csv
200 File Copy: C:\Python27\Lib\site-packages\QSTK\QSData\Yahoo\AA.csv
200 File Copy: C:\Python27\Lib\site-packages\QSTK\QSData\Yahoo\AAPL.csv
200 File Copy: C:\Python27\Lib\site-packages\QSTK\QSData\Yahoo\ABC.csv
200 File Copy: C:\Python27\Lib\site-packages\QSTK\QSData\Yahoo\ABI.csv
200 File Copy: C:\Python27\Lib\site-packages\QSTK\QSData\Yahoo\ABKFQ.csv
200 File Copy: C:\Python27\Lib\site-packages\QSTK\QSData\Yahoo\ABT.csv
200 File Copy: C:\Python27\Lib\site-packages\QSTK\QSData\Yahoo\ACAS.csv
200 File Copy: C:\Python27\Lib\site-packages\QSTK\QSData\Yahoo\ACE.csv
200 File Copy: C:\Python27\Lib\site-packages\QSTK\QSData\Yahoo\ACN.csv
200 File Copy: C:\Python27\Lib\site-packages\QSTK\QSData\Yahoo\ACS.csv
200 File Copy: C:\Python27\Lib\site-packages\QSTK\QSData\Yahoo\ADBE.csv
200 File Copy: C:\Python27\Lib\site-packages\QSTK\QSData\Yahoo\ADI.csv
200 File Copy: C:\Python27\Lib\site-packages\QSTK\QSData\Yahoo\ADM.csv
200 File Copy: C:\Python27\Lib\site-packages\QSTK\QSData\Yahoo\ADP.csv
200 File Copy: C:\Python27\Lib\site-packages\QSTK\QSData\Yahoo\ADSK.csv
200 File Copy: C:\Python27\Lib\site-packages\QSTK\QSData\Yahoo\AEE.csv
200 File Copy: C:\Python27\Lib\site-packages\QSTK\QSData\Yahoo\AEP.csv
200 File Copy: C:\Python27\Lib\site-packages\QSTK\QSData\Yahoo\AES.csv
200 File Copy: C:\Python27\Lib\site-packages\QSTK\QSData\Yahoo\AET.csv
200 File Copy: C:\Python27\Lib\site-packages\QSTK\QSData\Yahoo\AFL.csv
200 File Copy: C:\Python27\Lib\site-packages\QSTK\QSData\Yahoo\AGN.csv
200 File Copy: C:\Python27\Lib\site-packages\QSTK\QSData\Yahoo\AIG.csv
200 File Copy: C:\Python27\Lib\site-packages\QSTK\QSData\Yahoo\AIV.csv
200 File Copy: C:\Python27\Lib\site-packages\QSTK\QSData\Yahoo\AIZ.csv
200 File Copy: C:\Python27\Lib\site-packages\QSTK\QSData\Yahoo\AKAM.csv
200 File Copy: C:\Python27\Lib\site-packages\QSTK\QSData\Yahoo\ALL.csv
200 File Copy: C:\Python27\Lib\site-packages\QSTK\QSData\Yahoo\ALTR.csv
200 File Copy: C:\Python27\Lib\site-packages\QSTK\QSData\Yahoo\ALXN.csv
200 File Copy: C:\Python27\Lib\site-packages\QSTK\QSData\Yahoo\AMAT.csv
200 File Copy: C:\Python27\Lib\site-packages\QSTK\QSData\Yahoo\AMD.csv
200 File Copy: C:\Python27\Lib\site-packages\QSTK\QSData\Yahoo\AMGN.csv
200 File Copy: C:\Python27\Lib\site-packages\QSTK\QSData\Yahoo\AMP.csv
200 File Copy: C:\Python27\Lib\site-packages\QSTK\QSData\Yahoo\AMT.csv
200 File Copy: C:\Python27\Lib\site-packages\QSTK\QSData\Yahoo\AMZN.csv
200 File Copy: C:\Python27\Lib\site-packages\QSTK\QSData\Yahoo\AN.csv
200 File Copy: C:\Python27\Lib\site-packages\QSTK\QSData\Yahoo\ANF.csv
200 File Copy: C:\Python27\Lib\site-packages\QSTK\QSData\Yahoo\ANR.csv
200 File Copy: C:\Python27\Lib\site-packages\QSTK\QSData\Yahoo\AON.csv
200 File Copy: C:\Python27\Lib\site-packages\QSTK\QSData\Yahoo\APA.csv
200 File Copy: C:\Python27\Lib\site-packages\QSTK\QSData\Yahoo\APC.csv
200 File Copy: C:\Python27\Lib\site-packages\QSTK\QSData\Yahoo\APD.csv
200 File Copy: C:\Python27\Lib\site-packages\QSTK\QSData\Yahoo\APH.csv
200 File Copy: C:\Python27\Lib\site-packages\QSTK\QSData\Yahoo\APOL.csv
200 File Copy: C:\Python27\Lib\site-packages\QSTK\QSData\Yahoo\ARG.csv
200 File Copy: C:\Python27\Lib\site-packages\QSTK\QSData\Yahoo\ASH.csv
200 File Copy: C:\Python27\Lib\site-packages\QSTK\QSData\Yahoo\ATI.csv
200 File Copy: C:\Python27\Lib\site-packages\QSTK\QSData\Yahoo\AVB.csv
200 File Copy: C:\Python27\Lib\site-packages\QSTK\QSData\Yahoo\AVP.csv
200 File Copy: C:\Python27\Lib\site-packages\QSTK\QSData\Yahoo\AVY.csv
200 File Copy: C:\Python27\Lib\site-packages\QSTK\QSData\Yahoo\AXP.csv
200 File Copy: C:\Python27\Lib\site-packages\QSTK\QSData\Yahoo\AYE.csv
200 File Copy: C:\Python27\Lib\site-packages\QSTK\QSData\Yahoo\AZO.csv
200 File Copy: C:\Python27\Lib\site-packages\QSTK\QSData\Yahoo\BA.csv
200 File Copy: C:\Python27\Lib\site-packages\QSTK\QSData\Yahoo\BAC.csv
200 File Copy: C:\Python27\Lib\site-packages\QSTK\QSData\Yahoo\BAX.csv
200 File Copy: C:\Python27\Lib\site-packages\QSTK\QSData\Yahoo\BBBY.csv
200 File Copy: C:\Python27\Lib\site-packages\QSTK\QSData\Yahoo\BBT.csv
200 File Copy: C:\Python27\Lib\site-packages\QSTK\QSData\Yahoo\BBY.csv
200 File Copy: C:\Python27\Lib\site-packages\QSTK\QSData\Yahoo\BC.csv
200 File Copy: C:\Python27\Lib\site-packages\QSTK\QSData\Yahoo\BCR.csv
200 File Copy: C:\Python27\Lib\site-packages\QSTK\QSData\Yahoo\BDK.csv
200 File Copy: C:\Python27\Lib\site-packages\QSTK\QSData\Yahoo\BDX.csv
200 File Copy: C:\Python27\Lib\site-packages\QSTK\QSData\Yahoo\BEAM.csv
200 File Copy: C:\Python27\Lib\site-packages\QSTK\QSData\Yahoo\BEN.csv
200 File Copy: C:\Python27\Lib\site-packages\QSTK\QSData\Yahoo\BF.B.csv
200 File Copy: C:\Python27\Lib\site-packages\QSTK\QSData\Yahoo\BHI.csv
200 File Copy: C:\Python27\Lib\site-packages\QSTK\QSData\Yahoo\BIG.csv
200 File Copy: C:\Python27\Lib\site-packages\QSTK\QSData\Yahoo\BIIB.csv
200 File Copy: C:\Python27\Lib\site-packages\QSTK\QSData\Yahoo\BJS.csv
200 File Copy: C:\Python27\Lib\site-packages\QSTK\QSData\Yahoo\BK.csv
200 File Copy: C:\Python27\Lib\site-packages\QSTK\QSData\Yahoo\BLK.csv
200 File Copy: C:\Python27\Lib\site-packages\QSTK\QSData\Yahoo\BLL.csv
200 File Copy: C:\Python27\Lib\site-packages\QSTK\QSData\Yahoo\BMC.csv
200 File Copy: C:\Python27\Lib\site-packages\QSTK\QSData\Yahoo\BMS.csv
200 File Copy: C:\Python27\Lib\site-packages\QSTK\QSData\Yahoo\BMY.csv
200 File Copy: C:\Python27\Lib\site-packages\QSTK\QSData\Yahoo\BRCM.csv
200 File Copy: C:\Python27\Lib\site-packages\QSTK\QSData\Yahoo\BRK.B.csv
200 File Copy: C:\Python27\Lib\site-packages\QSTK\QSData\Yahoo\BRLI.csv
200 File Copy: C:\Python27\Lib\site-packages\QSTK\QSData\Yahoo\BSC.csv
200 File Copy: C:\Python27\Lib\site-packages\QSTK\QSData\Yahoo\BSX.csv
200 File Copy: C:\Python27\Lib\site-packages\QSTK\QSData\Yahoo\BTU.csv
200 File Copy: C:\Python27\Lib\site-packages\QSTK\QSData\Yahoo\BUD.csv
200 File Copy: C:\Python27\Lib\site-packages\QSTK\QSData\Yahoo\BWA.csv
200 File Copy: C:\Python27\Lib\site-packages\QSTK\QSData\Yahoo\BXP.csv
200 File Copy: C:\Python27\Lib\site-packages\QSTK\QSData\Yahoo\C.csv
200 File Copy: C:\Python27\Lib\site-packages\QSTK\QSData\Yahoo\CA.csv
200 File Copy: C:\Python27\Lib\site-packages\QSTK\QSData\Yahoo\CAG.csv
200 File Copy: C:\Python27\Lib\site-packages\QSTK\QSData\Yahoo\CAH.csv
200 File Copy: C:\Python27\Lib\site-packages\QSTK\QSData\Yahoo\CAM.csv
200 File Copy: C:\Python27\Lib\site-packages\QSTK\QSData\Yahoo\CAT.csv
200 File Copy: C:\Python27\Lib\site-packages\QSTK\QSData\Yahoo\CB.csv
200 File Copy: C:\Python27\Lib\site-packages\QSTK\QSData\Yahoo\CBE.csv
200 File Copy: C:\Python27\Lib\site-packages\QSTK\QSData\Yahoo\CBG.csv
200 File Copy: C:\Python27\Lib\site-packages\QSTK\QSData\Yahoo\CBS.csv
200 File Copy: C:\Python27\Lib\site-packages\QSTK\QSData\Yahoo\CBSH.csv
200 File Copy: C:\Python27\Lib\site-packages\QSTK\QSData\Yahoo\CCE.csv
200 File Copy: C:\Python27\Lib\site-packages\QSTK\QSData\Yahoo\CCI.csv
200 File Copy: C:\Python27\Lib\site-packages\QSTK\QSData\Yahoo\CCL.csv
200 File Copy: C:\Python27\Lib\site-packages\QSTK\QSData\Yahoo\CCMO.csv
200 File Copy: C:\Python27\Lib\site-packages\QSTK\QSData\Yahoo\CCT.csv
200 File Copy: C:\Python27\Lib\site-packages\QSTK\QSData\Yahoo\CEG.csv
200 File Copy: C:\Python27\Lib\site-packages\QSTK\QSData\Yahoo\CELG.csv
200 File Copy: C:\Python27\Lib\site-packages\QSTK\QSData\Yahoo\CERN.csv
200 File Copy: C:\Python27\Lib\site-packages\QSTK\QSData\Yahoo\CF.csv
200 File Copy: C:\Python27\Lib\site-packages\QSTK\QSData\Yahoo\CFC+A.csv
200 File Copy: C:\Python27\Lib\site-packages\QSTK\QSData\Yahoo\CFN.csv
200 File Copy: C:\Python27\Lib\site-packages\QSTK\QSData\Yahoo\CHK.csv
200 File Copy: C:\Python27\Lib\site-packages\QSTK\QSData\Yahoo\CHRW.csv
200 File Copy: C:\Python27\Lib\site-packages\QSTK\QSData\Yahoo\CI.csv
200 File Copy: C:\Python27\Lib\site-packages\QSTK\QSData\Yahoo\CIEN.csv
200 File Copy: C:\Python27\Lib\site-packages\QSTK\QSData\Yahoo\CINF.csv
200 File Copy: C:\Python27\Lib\site-packages\QSTK\QSData\Yahoo\CIT.csv
200 File Copy: C:\Python27\Lib\site-packages\QSTK\QSData\Yahoo\CL.csv
200 File Copy: C:\Python27\Lib\site-packages\QSTK\QSData\Yahoo\CLF.csv
200 File Copy: C:\Python27\Lib\site-packages\QSTK\QSData\Yahoo\CLX.csv
200 File Copy: C:\Python27\Lib\site-packages\QSTK\QSData\Yahoo\CMA.csv
200 File Copy: C:\Python27\Lib\site-packages\QSTK\QSData\Yahoo\CMCSA.csv
200 File Copy: C:\Python27\Lib\site-packages\QSTK\QSData\Yahoo\CME.csv
200 File Copy: C:\Python27\Lib\site-packages\QSTK\QSData\Yahoo\CMG.csv
200 File Copy: C:\Python27\Lib\site-packages\QSTK\QSData\Yahoo\CMI.csv
200 File Copy: C:\Python27\Lib\site-packages\QSTK\QSData\Yahoo\CMS.csv
200 File Copy: C:\Python27\Lib\site-packages\QSTK\QSData\Yahoo\CNP.csv
200 File Copy: C:\Python27\Lib\site-packages\QSTK\QSData\Yahoo\CNX.csv
200 File Copy: C:\Python27\Lib\site-packages\QSTK\QSData\Yahoo\COF.csv
200 File Copy: C:\Python27\Lib\site-packages\QSTK\QSData\Yahoo\COG.csv
200 File Copy: C:\Python27\Lib\site-packages\QSTK\QSData\Yahoo\COH.csv
200 File Copy: C:\Python27\Lib\site-packages\QSTK\QSData\Yahoo\COL.csv
200 File Copy: C:\Python27\Lib\site-packages\QSTK\QSData\Yahoo\COP.csv
200 File Copy: C:\Python27\Lib\site-packages\QSTK\QSData\Yahoo\COST.csv
200 File Copy: C:\Python27\Lib\site-packages\QSTK\QSData\Yahoo\COV.csv
200 File Copy: C:\Python27\Lib\site-packages\QSTK\QSData\Yahoo\CPB.csv
200 File Copy: C:\Python27\Lib\site-packages\QSTK\QSData\Yahoo\CPWR.csv
200 File Copy: C:\Python27\Lib\site-packages\QSTK\QSData\Yahoo\CRM.csv
200 File Copy: C:\Python27\Lib\site-packages\QSTK\QSData\Yahoo\CSC.csv
200 File Copy: C:\Python27\Lib\site-packages\QSTK\QSData\Yahoo\CSCO.csv
200 File Copy: C:\Python27\Lib\site-packages\QSTK\QSData\Yahoo\CSX.csv
200 File Copy: C:\Python27\Lib\site-packages\QSTK\QSData\Yahoo\CTAS.csv
200 File Copy: C:\Python27\Lib\site-packages\QSTK\QSData\Yahoo\CTL.csv
200 File Copy: C:\Python27\Lib\site-packages\QSTK\QSData\Yahoo\CTSH.csv
200 File Copy: C:\Python27\Lib\site-packages\QSTK\QSData\Yahoo\CTX.csv
200 File Copy: C:\Python27\Lib\site-packages\QSTK\QSData\Yahoo\CTXS.csv
200 File Copy: C:\Python27\Lib\site-packages\QSTK\QSData\Yahoo\CVC.csv
200 File Copy: C:\Python27\Lib\site-packages\QSTK\QSData\Yahoo\CVG.csv
200 File Copy: C:\Python27\Lib\site-packages\QSTK\QSData\Yahoo\CVH.csv
200 File Copy: C:\Python27\Lib\site-packages\QSTK\QSData\Yahoo\CVS.csv
200 File Copy: C:\Python27\Lib\site-packages\QSTK\QSData\Yahoo\CVX.csv
200 File Copy: C:\Python27\Lib\site-packages\QSTK\QSData\Yahoo\D.csv
200 File Copy: C:\Python27\Lib\site-packages\QSTK\QSData\Yahoo\DD.csv
200 File Copy: C:\Python27\Lib\site-packages\QSTK\QSData\Yahoo\DDR.csv
200 File Copy: C:\Python27\Lib\site-packages\QSTK\QSData\Yahoo\DDS.csv
200 File Copy: C:\Python27\Lib\site-packages\QSTK\QSData\Yahoo\DE.csv
200 File Copy: C:\Python27\Lib\site-packages\QSTK\QSData\Yahoo\DELL.csv
200 File Copy: C:\Python27\Lib\site-packages\QSTK\QSData\Yahoo\DF.csv
200 File Copy: C:\Python27\Lib\site-packages\QSTK\QSData\Yahoo\DFS.csv
200 File Copy: C:\Python27\Lib\site-packages\QSTK\QSData\Yahoo\DGX.csv
200 File Copy: C:\Python27\Lib\site-packages\QSTK\QSData\Yahoo\DHI.csv
200 File Copy: C:\Python27\Lib\site-packages\QSTK\QSData\Yahoo\DHR.csv
200 File Copy: C:\Python27\Lib\site-packages\QSTK\QSData\Yahoo\DIS.csv
200 File Copy: C:\Python27\Lib\site-packages\QSTK\QSData\Yahoo\DISCA.csv
200 File Copy: C:\Python27\Lib\site-packages\QSTK\QSData\Yahoo\DLTR.csv
200 File Copy: C:\Python27\Lib\site-packages\QSTK\QSData\Yahoo\DNB.csv
200 File Copy: C:\Python27\Lib\site-packages\QSTK\QSData\Yahoo\DNR.csv
200 File Copy: C:\Python27\Lib\site-packages\QSTK\QSData\Yahoo\DO.csv
200 File Copy: C:\Python27\Lib\site-packages\QSTK\QSData\Yahoo\DOV.csv
200 File Copy: C:\Python27\Lib\site-packages\QSTK\QSData\Yahoo\DOW.csv
200 File Copy: C:\Python27\Lib\site-packages\QSTK\QSData\Yahoo\DPS.csv
200 File Copy: C:\Python27\Lib\site-packages\QSTK\QSData\Yahoo\DRI.csv
200 File Copy: C:\Python27\Lib\site-packages\QSTK\QSData\Yahoo\DTE.csv
200 File Copy: C:\Python27\Lib\site-packages\QSTK\QSData\Yahoo\DTV.csv
200 File Copy: C:\Python27\Lib\site-packages\QSTK\QSData\Yahoo\DUK.csv
200 File Copy: C:\Python27\Lib\site-packages\QSTK\QSData\Yahoo\DV.csv
200 File Copy: C:\Python27\Lib\site-packages\QSTK\QSData\Yahoo\DVA.csv
200 File Copy: C:\Python27\Lib\site-packages\QSTK\QSData\Yahoo\DVN.csv
200 File Copy: C:\Python27\Lib\site-packages\QSTK\QSData\Yahoo\DYN.csv
200 File Copy: C:\Python27\Lib\site-packages\QSTK\QSData\Yahoo\EA.csv
200 File Copy: C:\Python27\Lib\site-packages\QSTK\QSData\Yahoo\EBAY.csv
200 File Copy: C:\Python27\Lib\site-packages\QSTK\QSData\Yahoo\ECL.csv
200 File Copy: C:\Python27\Lib\site-packages\QSTK\QSData\Yahoo\ED.csv
200 File Copy: C:\Python27\Lib\site-packages\QSTK\QSData\Yahoo\EDS.csv
200 File Copy: C:\Python27\Lib\site-packages\QSTK\QSData\Yahoo\EFX.csv
200 File Copy: C:\Python27\Lib\site-packages\QSTK\QSData\Yahoo\EIX.csv
200 File Copy: C:\Python27\Lib\site-packages\QSTK\QSData\Yahoo\EK.csv
200 File Copy: C:\Python27\Lib\site-packages\QSTK\QSData\Yahoo\EL.csv
200 File Copy: C:\Python27\Lib\site-packages\QSTK\QSData\Yahoo\EMC.csv
200 File Copy: C:\Python27\Lib\site-packages\QSTK\QSData\Yahoo\EMN.csv
200 File Copy: C:\Python27\Lib\site-packages\QSTK\QSData\Yahoo\EMR.csv
200 File Copy: C:\Python27\Lib\site-packages\QSTK\QSData\Yahoo\EOG.csv
200 File Copy: C:\Python27\Lib\site-packages\QSTK\QSData\Yahoo\EP.csv
200 File Copy: C:\Python27\Lib\site-packages\QSTK\QSData\Yahoo\EQ.csv
200 File Copy: C:\Python27\Lib\site-packages\QSTK\QSData\Yahoo\EQR.csv
200 File Copy: C:\Python27\Lib\site-packages\QSTK\QSData\Yahoo\EQT.csv
200 File Copy: C:\Python27\Lib\site-packages\QSTK\QSData\Yahoo\ERTS.csv
200 File Copy: C:\Python27\Lib\site-packages\QSTK\QSData\Yahoo\ESRX.csv
200 File Copy: C:\Python27\Lib\site-packages\QSTK\QSData\Yahoo\ESV.csv
200 File Copy: C:\Python27\Lib\site-packages\QSTK\QSData\Yahoo\ETFC.csv
200 File Copy: C:\Python27\Lib\site-packages\QSTK\QSData\Yahoo\ETN.csv
200 File Copy: C:\Python27\Lib\site-packages\QSTK\QSData\Yahoo\ETR.csv
200 File Copy: C:\Python27\Lib\site-packages\QSTK\QSData\Yahoo\EW.csv
200 File Copy: C:\Python27\Lib\site-packages\QSTK\QSData\Yahoo\EXC.csv
200 File Copy: C:\Python27\Lib\site-packages\QSTK\QSData\Yahoo\EXPD.csv
200 File Copy: C:\Python27\Lib\site-packages\QSTK\QSData\Yahoo\EXPE.csv
200 File Copy: C:\Python27\Lib\site-packages\QSTK\QSData\Yahoo\F.csv
200 File Copy: C:\Python27\Lib\site-packages\QSTK\QSData\Yahoo\FAST.csv
200 File Copy: C:\Python27\Lib\site-packages\QSTK\QSData\Yahoo\FCX.csv
200 File Copy: C:\Python27\Lib\site-packages\QSTK\QSData\Yahoo\FDO.csv
200 File Copy: C:\Python27\Lib\site-packages\QSTK\QSData\Yahoo\FDX.csv
200 File Copy: C:\Python27\Lib\site-packages\QSTK\QSData\Yahoo\FE.csv
200 File Copy: C:\Python27\Lib\site-packages\QSTK\QSData\Yahoo\FFIV.csv
200 File Copy: C:\Python27\Lib\site-packages\QSTK\QSData\Yahoo\FHN.csv
200 File Copy: C:\Python27\Lib\site-packages\QSTK\QSData\Yahoo\FII.csv
200 File Copy: C:\Python27\Lib\site-packages\QSTK\QSData\Yahoo\FIS.csv
200 File Copy: C:\Python27\Lib\site-packages\QSTK\QSData\Yahoo\FISV.csv
200 File Copy: C:\Python27\Lib\site-packages\QSTK\QSData\Yahoo\FITB.csv
200 File Copy: C:\Python27\Lib\site-packages\QSTK\QSData\Yahoo\FLIR.csv
200 File Copy: C:\Python27\Lib\site-packages\QSTK\QSData\Yahoo\FLR.csv
200 File Copy: C:\Python27\Lib\site-packages\QSTK\QSData\Yahoo\FLS.csv
200 File Copy: C:\Python27\Lib\site-packages\QSTK\QSData\Yahoo\FMC.csv
200 File Copy: C:\Python27\Lib\site-packages\QSTK\QSData\Yahoo\FMCC.csv
200 File Copy: C:\Python27\Lib\site-packages\QSTK\QSData\Yahoo\FNMA.csv
200 File Copy: C:\Python27\Lib\site-packages\QSTK\QSData\Yahoo\FOSL.csv
200 File Copy: C:\Python27\Lib\site-packages\QSTK\QSData\Yahoo\FRX.csv
200 File Copy: C:\Python27\Lib\site-packages\QSTK\QSData\Yahoo\FSLR.csv
200 File Copy: C:\Python27\Lib\site-packages\QSTK\QSData\Yahoo\FTI.csv
200 File Copy: C:\Python27\Lib\site-packages\QSTK\QSData\Yahoo\FTR.csv
200 File Copy: C:\Python27\Lib\site-packages\QSTK\QSData\Yahoo\GAS.csv
200 File Copy: C:\Python27\Lib\site-packages\QSTK\QSData\Yahoo\GCI.csv
200 File Copy: C:\Python27\Lib\site-packages\QSTK\QSData\Yahoo\GD.csv
200 File Copy: C:\Python27\Lib\site-packages\QSTK\QSData\Yahoo\GE.csv
200 File Copy: C:\Python27\Lib\site-packages\QSTK\QSData\Yahoo\GENZ.csv
200 File Copy: C:\Python27\Lib\site-packages\QSTK\QSData\Yahoo\GGP.csv
200 File Copy: C:\Python27\Lib\site-packages\QSTK\QSData\Yahoo\GILD.csv
200 File Copy: C:\Python27\Lib\site-packages\QSTK\QSData\Yahoo\GIS.csv
200 File Copy: C:\Python27\Lib\site-packages\QSTK\QSData\Yahoo\GLD.csv
200 File Copy: C:\Python27\Lib\site-packages\QSTK\QSData\Yahoo\GLW.csv
200 File Copy: C:\Python27\Lib\site-packages\QSTK\QSData\Yahoo\GM.csv
200 File Copy: C:\Python27\Lib\site-packages\QSTK\QSData\Yahoo\GME.csv
200 File Copy: C:\Python27\Lib\site-packages\QSTK\QSData\Yahoo\GNW.csv
200 File Copy: C:\Python27\Lib\site-packages\QSTK\QSData\Yahoo\GOOG.csv
200 File Copy: C:\Python27\Lib\site-packages\QSTK\QSData\Yahoo\GPC.csv
200 File Copy: C:\Python27\Lib\site-packages\QSTK\QSData\Yahoo\GPS.csv
200 File Copy: C:\Python27\Lib\site-packages\QSTK\QSData\Yahoo\GR.csv
200 File Copy: C:\Python27\Lib\site-packages\QSTK\QSData\Yahoo\GS.csv
200 File Copy: C:\Python27\Lib\site-packages\QSTK\QSData\Yahoo\GT.csv
200 File Copy: C:\Python27\Lib\site-packages\QSTK\QSData\Yahoo\GWW.csv
200 File Copy: C:\Python27\Lib\site-packages\QSTK\QSData\Yahoo\HAL.csv
200 File Copy: C:\Python27\Lib\site-packages\QSTK\QSData\Yahoo\HAR.csv
200 File Copy: C:\Python27\Lib\site-packages\QSTK\QSData\Yahoo\HAS.csv
200 File Copy: C:\Python27\Lib\site-packages\QSTK\QSData\Yahoo\HBAN.csv
200 File Copy: C:\Python27\Lib\site-packages\QSTK\QSData\Yahoo\HCBK.csv
200 File Copy: C:\Python27\Lib\site-packages\QSTK\QSData\Yahoo\HCN.csv
200 File Copy: C:\Python27\Lib\site-packages\QSTK\QSData\Yahoo\HCP.csv
200 File Copy: C:\Python27\Lib\site-packages\QSTK\QSData\Yahoo\HD.csv
200 File Copy: C:\Python27\Lib\site-packages\QSTK\QSData\Yahoo\HES.csv
200 File Copy: C:\Python27\Lib\site-packages\QSTK\QSData\Yahoo\HIG.csv
200 File Copy: C:\Python27\Lib\site-packages\QSTK\QSData\Yahoo\HNZ.csv
200 File Copy: C:\Python27\Lib\site-packages\QSTK\QSData\Yahoo\HOG.csv
200 File Copy: C:\Python27\Lib\site-packages\QSTK\QSData\Yahoo\HON.csv
200 File Copy: C:\Python27\Lib\site-packages\QSTK\QSData\Yahoo\HOT.csv
200 File Copy: C:\Python27\Lib\site-packages\QSTK\QSData\Yahoo\HP.csv
200 File Copy: C:\Python27\Lib\site-packages\QSTK\QSData\Yahoo\HPCCP.csv
200 File Copy: C:\Python27\Lib\site-packages\QSTK\QSData\Yahoo\HPQ.csv
200 File Copy: C:\Python27\Lib\site-packages\QSTK\QSData\Yahoo\HRB.csv
200 File Copy: C:\Python27\Lib\site-packages\QSTK\QSData\Yahoo\HRL.csv
200 File Copy: C:\Python27\Lib\site-packages\QSTK\QSData\Yahoo\HRS.csv
200 File Copy: C:\Python27\Lib\site-packages\QSTK\QSData\Yahoo\HSP.csv
200 File Copy: C:\Python27\Lib\site-packages\QSTK\QSData\Yahoo\HST.csv
200 File Copy: C:\Python27\Lib\site-packages\QSTK\QSData\Yahoo\HSY.csv
200 File Copy: C:\Python27\Lib\site-packages\QSTK\QSData\Yahoo\HUM.csv
200 File Copy: C:\Python27\Lib\site-packages\QSTK\QSData\Yahoo\IACI.csv
200 File Copy: C:\Python27\Lib\site-packages\QSTK\QSData\Yahoo\IBM.csv
200 File Copy: C:\Python27\Lib\site-packages\QSTK\QSData\Yahoo\ICE.csv
200 File Copy: C:\Python27\Lib\site-packages\QSTK\QSData\Yahoo\IFF.csv
200 File Copy: C:\Python27\Lib\site-packages\QSTK\QSData\Yahoo\IGT.csv
200 File Copy: C:\Python27\Lib\site-packages\QSTK\QSData\Yahoo\INTC.csv
200 File Copy: C:\Python27\Lib\site-packages\QSTK\QSData\Yahoo\INTU.csv
200 File Copy: C:\Python27\Lib\site-packages\QSTK\QSData\Yahoo\IP.csv
200 File Copy: C:\Python27\Lib\site-packages\QSTK\QSData\Yahoo\IPG.csv
200 File Copy: C:\Python27\Lib\site-packages\QSTK\QSData\Yahoo\IR.csv
200 File Copy: C:\Python27\Lib\site-packages\QSTK\QSData\Yahoo\IRM.csv
200 File Copy: C:\Python27\Lib\site-packages\QSTK\QSData\Yahoo\ISRG.csv
200 File Copy: C:\Python27\Lib\site-packages\QSTK\QSData\Yahoo\ITT.csv
200 File Copy: C:\Python27\Lib\site-packages\QSTK\QSData\Yahoo\ITW.csv
200 File Copy: C:\Python27\Lib\site-packages\QSTK\QSData\Yahoo\IVZ.csv
200 File Copy: C:\Python27\Lib\site-packages\QSTK\QSData\Yahoo\IYR.csv
200 File Copy: C:\Python27\Lib\site-packages\QSTK\QSData\Yahoo\JAVA.csv
200 File Copy: C:\Python27\Lib\site-packages\QSTK\QSData\Yahoo\JBL.csv
200 File Copy: C:\Python27\Lib\site-packages\QSTK\QSData\Yahoo\JCI.csv
200 File Copy: C:\Python27\Lib\site-packages\QSTK\QSData\Yahoo\JCP.csv
200 File Copy: C:\Python27\Lib\site-packages\QSTK\QSData\Yahoo\JDSU.csv
200 File Copy: C:\Python27\Lib\site-packages\QSTK\QSData\Yahoo\JEC.csv
200 File Copy: C:\Python27\Lib\site-packages\QSTK\QSData\Yahoo\JNJ.csv
200 File Copy: C:\Python27\Lib\site-packages\QSTK\QSData\Yahoo\JNPR.csv
200 File Copy: C:\Python27\Lib\site-packages\QSTK\QSData\Yahoo\JNS.csv
200 File Copy: C:\Python27\Lib\site-packages\QSTK\QSData\Yahoo\JNY.csv
200 File Copy: C:\Python27\Lib\site-packages\QSTK\QSData\Yahoo\JOY.csv
200 File Copy: C:\Python27\Lib\site-packages\QSTK\QSData\Yahoo\JPM.csv
200 File Copy: C:\Python27\Lib\site-packages\QSTK\QSData\Yahoo\JWN.csv
200 File Copy: C:\Python27\Lib\site-packages\QSTK\QSData\Yahoo\K.csv
200 File Copy: C:\Python27\Lib\site-packages\QSTK\QSData\Yahoo\KBH.csv
200 File Copy: C:\Python27\Lib\site-packages\QSTK\QSData\Yahoo\KEY.csv
200 File Copy: C:\Python27\Lib\site-packages\QSTK\QSData\Yahoo\KFT.csv
200 File Copy: C:\Python27\Lib\site-packages\QSTK\QSData\Yahoo\KG.csv
200 File Copy: C:\Python27\Lib\site-packages\QSTK\QSData\Yahoo\KIM.csv
200 File Copy: C:\Python27\Lib\site-packages\QSTK\QSData\Yahoo\KLAC.csv
200 File Copy: C:\Python27\Lib\site-packages\QSTK\QSData\Yahoo\KMB.csv
200 File Copy: C:\Python27\Lib\site-packages\QSTK\QSData\Yahoo\KMI.csv
200 File Copy: C:\Python27\Lib\site-packages\QSTK\QSData\Yahoo\KMX.csv
200 File Copy: C:\Python27\Lib\site-packages\QSTK\QSData\Yahoo\KO.csv
200 File Copy: C:\Python27\Lib\site-packages\QSTK\QSData\Yahoo\KR.csv
200 File Copy: C:\Python27\Lib\site-packages\QSTK\QSData\Yahoo\KSS.csv
200 File Copy: C:\Python27\Lib\site-packages\QSTK\QSData\Yahoo\L.csv
200 File Copy: C:\Python27\Lib\site-packages\QSTK\QSData\Yahoo\LEG.csv
200 File Copy: C:\Python27\Lib\site-packages\QSTK\QSData\Yahoo\LEHMQ.csv
200 File Copy: C:\Python27\Lib\site-packages\QSTK\QSData\Yahoo\LEN.csv
200 File Copy: C:\Python27\Lib\site-packages\QSTK\QSData\Yahoo\LH.csv
200 File Copy: C:\Python27\Lib\site-packages\QSTK\QSData\Yahoo\LIFE.csv
200 File Copy: C:\Python27\Lib\site-packages\QSTK\QSData\Yahoo\LIZ.csv
200 File Copy: C:\Python27\Lib\site-packages\QSTK\QSData\Yahoo\LLL.csv
200 File Copy: C:\Python27\Lib\site-packages\QSTK\QSData\Yahoo\LLTC.csv
200 File Copy: C:\Python27\Lib\site-packages\QSTK\QSData\Yahoo\LLY.csv
200 File Copy: C:\Python27\Lib\site-packages\QSTK\QSData\Yahoo\LM.csv
200 File Copy: C:\Python27\Lib\site-packages\QSTK\QSData\Yahoo\LMT.csv
200 File Copy: C:\Python27\Lib\site-packages\QSTK\QSData\Yahoo\LNC.csv
200 File Copy: C:\Python27\Lib\site-packages\QSTK\QSData\Yahoo\LO.csv
200 File Copy: C:\Python27\Lib\site-packages\QSTK\QSData\Yahoo\LOW.csv
200 File Copy: C:\Python27\Lib\site-packages\QSTK\QSData\Yahoo\LRCX.csv
200 File Copy: C:\Python27\Lib\site-packages\QSTK\QSData\Yahoo\LSI.csv
200 File Copy: C:\Python27\Lib\site-packages\QSTK\QSData\Yahoo\LTD.csv
200 File Copy: C:\Python27\Lib\site-packages\QSTK\QSData\Yahoo\LUK.csv
200 File Copy: C:\Python27\Lib\site-packages\QSTK\QSData\Yahoo\LUV.csv
200 File Copy: C:\Python27\Lib\site-packages\QSTK\QSData\Yahoo\LXK.csv
200 File Copy: C:\Python27\Lib\site-packages\QSTK\QSData\Yahoo\LYB.csv
200 File Copy: C:\Python27\Lib\site-packages\QSTK\QSData\Yahoo\M.csv
200 File Copy: C:\Python27\Lib\site-packages\QSTK\QSData\Yahoo\MA.csv
200 File Copy: C:\Python27\Lib\site-packages\QSTK\QSData\Yahoo\MAR.csv
200 File Copy: C:\Python27\Lib\site-packages\QSTK\QSData\Yahoo\MAS.csv
200 File Copy: C:\Python27\Lib\site-packages\QSTK\QSData\Yahoo\MAT.csv
200 File Copy: C:\Python27\Lib\site-packages\QSTK\QSData\Yahoo\MBI.csv
200 File Copy: C:\Python27\Lib\site-packages\QSTK\QSData\Yahoo\MCD.csv
200 File Copy: C:\Python27\Lib\site-packages\QSTK\QSData\Yahoo\MCHP.csv
200 File Copy: C:\Python27\Lib\site-packages\QSTK\QSData\Yahoo\MCK.csv
200 File Copy: C:\Python27\Lib\site-packages\QSTK\QSData\Yahoo\MCO.csv
200 File Copy: C:\Python27\Lib\site-packages\QSTK\QSData\Yahoo\MDP.csv
200 File Copy: C:\Python27\Lib\site-packages\QSTK\QSData\Yahoo\MDT.csv
200 File Copy: C:\Python27\Lib\site-packages\QSTK\QSData\Yahoo\MET.csv
200 File Copy: C:\Python27\Lib\site-packages\QSTK\QSData\Yahoo\MHP.csv
200 File Copy: C:\Python27\Lib\site-packages\QSTK\QSData\Yahoo\MHS.csv
200 File Copy: C:\Python27\Lib\site-packages\QSTK\QSData\Yahoo\MI.csv
200 File Copy: C:\Python27\Lib\site-packages\QSTK\QSData\Yahoo\MIL.csv
200 File Copy: C:\Python27\Lib\site-packages\QSTK\QSData\Yahoo\MJN.csv
200 File Copy: C:\Python27\Lib\site-packages\QSTK\QSData\Yahoo\MKC.csv
200 File Copy: C:\Python27\Lib\site-packages\QSTK\QSData\Yahoo\MMC.csv
200 File Copy: C:\Python27\Lib\site-packages\QSTK\QSData\Yahoo\MMM.csv
200 File Copy: C:\Python27\Lib\site-packages\QSTK\QSData\Yahoo\MNST.csv
200 File Copy: C:\Python27\Lib\site-packages\QSTK\QSData\Yahoo\MO.csv
200 File Copy: C:\Python27\Lib\site-packages\QSTK\QSData\Yahoo\MOLX.csv
200 File Copy: C:\Python27\Lib\site-packages\QSTK\QSData\Yahoo\MON.csv
200 File Copy: C:\Python27\Lib\site-packages\QSTK\QSData\Yahoo\MOS.csv
200 File Copy: C:\Python27\Lib\site-packages\QSTK\QSData\Yahoo\MPC.csv
200 File Copy: C:\Python27\Lib\site-packages\QSTK\QSData\Yahoo\MRK.csv
200 File Copy: C:\Python27\Lib\site-packages\QSTK\QSData\Yahoo\MRO.csv
200 File Copy: C:\Python27\Lib\site-packages\QSTK\QSData\Yahoo\MS.csv
200 File Copy: C:\Python27\Lib\site-packages\QSTK\QSData\Yahoo\MSFT.csv
200 File Copy: C:\Python27\Lib\site-packages\QSTK\QSData\Yahoo\MSI.csv
200 File Copy: C:\Python27\Lib\site-packages\QSTK\QSData\Yahoo\MTB.csv
200 File Copy: C:\Python27\Lib\site-packages\QSTK\QSData\Yahoo\MTG.csv
200 File Copy: C:\Python27\Lib\site-packages\QSTK\QSData\Yahoo\MTW.csv
200 File Copy: C:\Python27\Lib\site-packages\QSTK\QSData\Yahoo\MU.csv
200 File Copy: C:\Python27\Lib\site-packages\QSTK\QSData\Yahoo\MUR.csv
200 File Copy: C:\Python27\Lib\site-packages\QSTK\QSData\Yahoo\MWV.csv
200 File Copy: C:\Python27\Lib\site-packages\QSTK\QSData\Yahoo\MWW.csv
200 File Copy: C:\Python27\Lib\site-packages\QSTK\QSData\Yahoo\MYL.csv
200 File Copy: C:\Python27\Lib\site-packages\QSTK\QSData\Yahoo\NBL.csv
200 File Copy: C:\Python27\Lib\site-packages\QSTK\QSData\Yahoo\NBR.csv
200 File Copy: C:\Python27\Lib\site-packages\QSTK\QSData\Yahoo\NCC.csv
200 File Copy: C:\Python27\Lib\site-packages\QSTK\QSData\Yahoo\NDAQ.csv
200 File Copy: C:\Python27\Lib\site-packages\QSTK\QSData\Yahoo\NE.csv
200 File Copy: C:\Python27\Lib\site-packages\QSTK\QSData\Yahoo\NEE.csv
200 File Copy: C:\Python27\Lib\site-packages\QSTK\QSData\Yahoo\NEM.csv
200 File Copy: C:\Python27\Lib\site-packages\QSTK\QSData\Yahoo\NFLX.csv
200 File Copy: C:\Python27\Lib\site-packages\QSTK\QSData\Yahoo\NFX.csv
200 File Copy: C:\Python27\Lib\site-packages\QSTK\QSData\Yahoo\NI.csv
200 File Copy: C:\Python27\Lib\site-packages\QSTK\QSData\Yahoo\NKE.csv
200 File Copy: C:\Python27\Lib\site-packages\QSTK\QSData\Yahoo\NOC.csv
200 File Copy: C:\Python27\Lib\site-packages\QSTK\QSData\Yahoo\NOV.csv
200 File Copy: C:\Python27\Lib\site-packages\QSTK\QSData\Yahoo\NOVL.csv
200 File Copy: C:\Python27\Lib\site-packages\QSTK\QSData\Yahoo\NRG.csv
200 File Copy: C:\Python27\Lib\site-packages\QSTK\QSData\Yahoo\NSC.csv
200 File Copy: C:\Python27\Lib\site-packages\QSTK\QSData\Yahoo\NSM.csv
200 File Copy: C:\Python27\Lib\site-packages\QSTK\QSData\Yahoo\NTAP.csv
200 File Copy: C:\Python27\Lib\site-packages\QSTK\QSData\Yahoo\NTRS.csv
200 File Copy: C:\Python27\Lib\site-packages\QSTK\QSData\Yahoo\NU.csv
200 File Copy: C:\Python27\Lib\site-packages\QSTK\QSData\Yahoo\NUE.csv
200 File Copy: C:\Python27\Lib\site-packages\QSTK\QSData\Yahoo\NVDA.csv
200 File Copy: C:\Python27\Lib\site-packages\QSTK\QSData\Yahoo\NVLS.csv
200 File Copy: C:\Python27\Lib\site-packages\QSTK\QSData\Yahoo\NWL.csv
200 File Copy: C:\Python27\Lib\site-packages\QSTK\QSData\Yahoo\NWSA.csv
200 File Copy: C:\Python27\Lib\site-packages\QSTK\QSData\Yahoo\NYT.csv
200 File Copy: C:\Python27\Lib\site-packages\QSTK\QSData\Yahoo\NYX.csv
200 File Copy: C:\Python27\Lib\site-packages\QSTK\QSData\Yahoo\ODP.csv
200 File Copy: C:\Python27\Lib\site-packages\QSTK\QSData\Yahoo\OI.csv
200 File Copy: C:\Python27\Lib\site-packages\QSTK\QSData\Yahoo\OKE.csv
200 File Copy: C:\Python27\Lib\site-packages\QSTK\QSData\Yahoo\OMC.csv
200 File Copy: C:\Python27\Lib\site-packages\QSTK\QSData\Yahoo\OMX.csv
200 File Copy: C:\Python27\Lib\site-packages\QSTK\QSData\Yahoo\ORCL.csv
200 File Copy: C:\Python27\Lib\site-packages\QSTK\QSData\Yahoo\ORLY.csv
200 File Copy: C:\Python27\Lib\site-packages\QSTK\QSData\Yahoo\OXY.csv
200 File Copy: C:\Python27\Lib\site-packages\QSTK\QSData\Yahoo\PAYX.csv
200 File Copy: C:\Python27\Lib\site-packages\QSTK\QSData\Yahoo\PBCT.csv
200 File Copy: C:\Python27\Lib\site-packages\QSTK\QSData\Yahoo\PBG.csv
200 File Copy: C:\Python27\Lib\site-packages\QSTK\QSData\Yahoo\PBI.csv
200 File Copy: C:\Python27\Lib\site-packages\QSTK\QSData\Yahoo\PCAR.csv
200 File Copy: C:\Python27\Lib\site-packages\QSTK\QSData\Yahoo\PCG.csv
200 File Copy: C:\Python27\Lib\site-packages\QSTK\QSData\Yahoo\PCL.csv
200 File Copy: C:\Python27\Lib\site-packages\QSTK\QSData\Yahoo\PCLN.csv
200 File Copy: C:\Python27\Lib\site-packages\QSTK\QSData\Yahoo\PCP.csv
200 File Copy: C:\Python27\Lib\site-packages\QSTK\QSData\Yahoo\PCS.csv
200 File Copy: C:\Python27\Lib\site-packages\QSTK\QSData\Yahoo\PDCO.csv
200 File Copy: C:\Python27\Lib\site-packages\QSTK\QSData\Yahoo\PEG.csv
200 File Copy: C:\Python27\Lib\site-packages\QSTK\QSData\Yahoo\PEP.csv
200 File Copy: C:\Python27\Lib\site-packages\QSTK\QSData\Yahoo\PFE.csv
200 File Copy: C:\Python27\Lib\site-packages\QSTK\QSData\Yahoo\PFG.csv
200 File Copy: C:\Python27\Lib\site-packages\QSTK\QSData\Yahoo\PG.csv
200 File Copy: C:\Python27\Lib\site-packages\QSTK\QSData\Yahoo\PGN.csv
200 File Copy: C:\Python27\Lib\site-packages\QSTK\QSData\Yahoo\PGR.csv
200 File Copy: C:\Python27\Lib\site-packages\QSTK\QSData\Yahoo\PH.csv
200 File Copy: C:\Python27\Lib\site-packages\QSTK\QSData\Yahoo\PHM.csv
200 File Copy: C:\Python27\Lib\site-packages\QSTK\QSData\Yahoo\PKI.csv
200 File Copy: C:\Python27\Lib\site-packages\QSTK\QSData\Yahoo\PLD.csv
200 File Copy: C:\Python27\Lib\site-packages\QSTK\QSData\Yahoo\PLL.csv
200 File Copy: C:\Python27\Lib\site-packages\QSTK\QSData\Yahoo\PM.csv
200 File Copy: C:\Python27\Lib\site-packages\QSTK\QSData\Yahoo\PNC.csv
200 File Copy: C:\Python27\Lib\site-packages\QSTK\QSData\Yahoo\PNW.csv
200 File Copy: C:\Python27\Lib\site-packages\QSTK\QSData\Yahoo\POM.csv
200 File Copy: C:\Python27\Lib\site-packages\QSTK\QSData\Yahoo\PPG.csv
200 File Copy: C:\Python27\Lib\site-packages\QSTK\QSData\Yahoo\PPL.csv
200 File Copy: C:\Python27\Lib\site-packages\QSTK\QSData\Yahoo\PRGO.csv
200 File Copy: C:\Python27\Lib\site-packages\QSTK\QSData\Yahoo\PRU.csv
200 File Copy: C:\Python27\Lib\site-packages\QSTK\QSData\Yahoo\PSA.csv
200 File Copy: C:\Python27\Lib\site-packages\QSTK\QSData\Yahoo\PSX.csv
200 File Copy: C:\Python27\Lib\site-packages\QSTK\QSData\Yahoo\PTV.csv
200 File Copy: C:\Python27\Lib\site-packages\QSTK\QSData\Yahoo\PWR.csv
200 File Copy: C:\Python27\Lib\site-packages\QSTK\QSData\Yahoo\PX.csv
200 File Copy: C:\Python27\Lib\site-packages\QSTK\QSData\Yahoo\PXD.csv
200 File Copy: C:\Python27\Lib\site-packages\QSTK\QSData\Yahoo\Q.csv
200 File Copy: C:\Python27\Lib\site-packages\QSTK\QSData\Yahoo\QCOM.csv
200 File Copy: C:\Python27\Lib\site-packages\QSTK\QSData\Yahoo\QEP.csv
200 File Copy: C:\Python27\Lib\site-packages\QSTK\QSData\Yahoo\QLGC.csv
200 File Copy: C:\Python27\Lib\site-packages\QSTK\QSData\Yahoo\R.csv
200 File Copy: C:\Python27\Lib\site-packages\QSTK\QSData\Yahoo\RAI.csv
200 File Copy: C:\Python27\Lib\site-packages\QSTK\QSData\Yahoo\RDC.csv
200 File Copy: C:\Python27\Lib\site-packages\QSTK\QSData\Yahoo\RF.csv
200 File Copy: C:\Python27\Lib\site-packages\QSTK\QSData\Yahoo\RHI.csv
200 File Copy: C:\Python27\Lib\site-packages\QSTK\QSData\Yahoo\RHT.csv
200 File Copy: C:\Python27\Lib\site-packages\QSTK\QSData\Yahoo\RIG.csv
200 File Copy: C:\Python27\Lib\site-packages\QSTK\QSData\Yahoo\RL.csv
200 File Copy: C:\Python27\Lib\site-packages\QSTK\QSData\Yahoo\ROH.csv
200 File Copy: C:\Python27\Lib\site-packages\QSTK\QSData\Yahoo\ROK.csv
200 File Copy: C:\Python27\Lib\site-packages\QSTK\QSData\Yahoo\ROP.csv
200 File Copy: C:\Python27\Lib\site-packages\QSTK\QSData\Yahoo\ROST.csv
200 File Copy: C:\Python27\Lib\site-packages\QSTK\QSData\Yahoo\RRC.csv
200 File Copy: C:\Python27\Lib\site-packages\QSTK\QSData\Yahoo\RRD.csv
200 File Copy: C:\Python27\Lib\site-packages\QSTK\QSData\Yahoo\RSG.csv
200 File Copy: C:\Python27\Lib\site-packages\QSTK\QSData\Yahoo\RSH.csv
200 File Copy: C:\Python27\Lib\site-packages\QSTK\QSData\Yahoo\RTN.csv
200 File Copy: C:\Python27\Lib\site-packages\QSTK\QSData\Yahoo\S.csv
200 File Copy: C:\Python27\Lib\site-packages\QSTK\QSData\Yahoo\SAF.csv
200 File Copy: C:\Python27\Lib\site-packages\QSTK\QSData\Yahoo\SAI.csv
200 File Copy: C:\Python27\Lib\site-packages\QSTK\QSData\Yahoo\SBUX.csv
200 File Copy: C:\Python27\Lib\site-packages\QSTK\QSData\Yahoo\SCG.csv
200 File Copy: C:\Python27\Lib\site-packages\QSTK\QSData\Yahoo\SCHW.csv
200 File Copy: C:\Python27\Lib\site-packages\QSTK\QSData\Yahoo\SDS.csv
200 File Copy: C:\Python27\Lib\site-packages\QSTK\QSData\Yahoo\SE.csv
200 File Copy: C:\Python27\Lib\site-packages\QSTK\QSData\Yahoo\SEE.csv
200 File Copy: C:\Python27\Lib\site-packages\QSTK\QSData\Yahoo\SGP.csv
200 File Copy: C:\Python27\Lib\site-packages\QSTK\QSData\Yahoo\SH.csv
200 File Copy: C:\Python27\Lib\site-packages\QSTK\QSData\Yahoo\SHLD.csv
200 File Copy: C:\Python27\Lib\site-packages\QSTK\QSData\Yahoo\SHW.csv
200 File Copy: C:\Python27\Lib\site-packages\QSTK\QSData\Yahoo\SIAL.csv
200 File Copy: C:\Python27\Lib\site-packages\QSTK\QSData\Yahoo\SII.csv
200 File Copy: C:\Python27\Lib\site-packages\QSTK\QSData\Yahoo\SJM.csv
200 File Copy: C:\Python27\Lib\site-packages\QSTK\QSData\Yahoo\SLB.csv
200 File Copy: C:\Python27\Lib\site-packages\QSTK\QSData\Yahoo\SLE.csv
200 File Copy: C:\Python27\Lib\site-packages\QSTK\QSData\Yahoo\SLM.csv
200 File Copy: C:\Python27\Lib\site-packages\QSTK\QSData\Yahoo\SNA.csv
200 File Copy: C:\Python27\Lib\site-packages\QSTK\QSData\Yahoo\SNDK.csv
200 File Copy: C:\Python27\Lib\site-packages\QSTK\QSData\Yahoo\SNI.csv
200 File Copy: C:\Python27\Lib\site-packages\QSTK\QSData\Yahoo\SNV.csv
200 File Copy: C:\Python27\Lib\site-packages\QSTK\QSData\Yahoo\SO.csv
200 File Copy: C:\Python27\Lib\site-packages\QSTK\QSData\Yahoo\SPG.csv
200 File Copy: C:\Python27\Lib\site-packages\QSTK\QSData\Yahoo\SPLS.csv
200 File Copy: C:\Python27\Lib\site-packages\QSTK\QSData\Yahoo\SPY.csv
200 File Copy: C:\Python27\Lib\site-packages\QSTK\QSData\Yahoo\SRCL.csv
200 File Copy: C:\Python27\Lib\site-packages\QSTK\QSData\Yahoo\SRE.csv
200 File Copy: C:\Python27\Lib\site-packages\QSTK\QSData\Yahoo\SSP.csv
200 File Copy: C:\Python27\Lib\site-packages\QSTK\QSData\Yahoo\STI.csv
200 File Copy: C:\Python27\Lib\site-packages\QSTK\QSData\Yahoo\STJ.csv
200 File Copy: C:\Python27\Lib\site-packages\QSTK\QSData\Yahoo\STR.csv
200 File Copy: C:\Python27\Lib\site-packages\QSTK\QSData\Yahoo\STT.csv
200 File Copy: C:\Python27\Lib\site-packages\QSTK\QSData\Yahoo\STX.csv
200 File Copy: C:\Python27\Lib\site-packages\QSTK\QSData\Yahoo\STZ.csv
200 File Copy: C:\Python27\Lib\site-packages\QSTK\QSData\Yahoo\SUN.csv
200 File Copy: C:\Python27\Lib\site-packages\QSTK\QSData\Yahoo\SVU.csv
200 File Copy: C:\Python27\Lib\site-packages\QSTK\QSData\Yahoo\SWK.csv
200 File Copy: C:\Python27\Lib\site-packages\QSTK\QSData\Yahoo\SWN.csv
200 File Copy: C:\Python27\Lib\site-packages\QSTK\QSData\Yahoo\SWY.csv
200 File Copy: C:\Python27\Lib\site-packages\QSTK\QSData\Yahoo\SYK.csv
200 File Copy: C:\Python27\Lib\site-packages\QSTK\QSData\Yahoo\SYMC.csv
200 File Copy: C:\Python27\Lib\site-packages\QSTK\QSData\Yahoo\SYY.csv
200 File Copy: C:\Python27\Lib\site-packages\QSTK\QSData\Yahoo\T.csv
200 File Copy: C:\Python27\Lib\site-packages\QSTK\QSData\Yahoo\TAP.csv
200 File Copy: C:\Python27\Lib\site-packages\QSTK\QSData\Yahoo\TDC.csv
200 File Copy: C:\Python27\Lib\site-packages\QSTK\QSData\Yahoo\TE.csv
200 File Copy: C:\Python27\Lib\site-packages\QSTK\QSData\Yahoo\TEG.csv
200 File Copy: C:\Python27\Lib\site-packages\QSTK\QSData\Yahoo\TEL.csv
200 File Copy: C:\Python27\Lib\site-packages\QSTK\QSData\Yahoo\TER.csv
200 File Copy: C:\Python27\Lib\site-packages\QSTK\QSData\Yahoo\TEX.csv
200 File Copy: C:\Python27\Lib\site-packages\QSTK\QSData\Yahoo\TGT.csv
200 File Copy: C:\Python27\Lib\site-packages\QSTK\QSData\Yahoo\THC.csv
200 File Copy: C:\Python27\Lib\site-packages\QSTK\QSData\Yahoo\TIE.csv
200 File Copy: C:\Python27\Lib\site-packages\QSTK\QSData\Yahoo\TIF.csv
200 File Copy: C:\Python27\Lib\site-packages\QSTK\QSData\Yahoo\TJX.csv
200 File Copy: C:\Python27\Lib\site-packages\QSTK\QSData\Yahoo\TLAB.csv
200 File Copy: C:\Python27\Lib\site-packages\QSTK\QSData\Yahoo\TMK.csv
200 File Copy: C:\Python27\Lib\site-packages\QSTK\QSData\Yahoo\TMO.csv
200 File Copy: C:\Python27\Lib\site-packages\QSTK\QSData\Yahoo\TRIP.csv
200 File Copy: C:\Python27\Lib\site-packages\QSTK\QSData\Yahoo\TROW.csv
200 File Copy: C:\Python27\Lib\site-packages\QSTK\QSData\Yahoo\TRV.csv
200 File Copy: C:\Python27\Lib\site-packages\QSTK\QSData\Yahoo\TSN.csv
200 File Copy: C:\Python27\Lib\site-packages\QSTK\QSData\Yahoo\TSO.csv
200 File Copy: C:\Python27\Lib\site-packages\QSTK\QSData\Yahoo\TSS.csv
200 File Copy: C:\Python27\Lib\site-packages\QSTK\QSData\Yahoo\TWC.csv
200 File Copy: C:\Python27\Lib\site-packages\QSTK\QSData\Yahoo\TWX.csv
200 File Copy: C:\Python27\Lib\site-packages\QSTK\QSData\Yahoo\TXN.csv
200 File Copy: C:\Python27\Lib\site-packages\QSTK\QSData\Yahoo\TXT.csv
200 File Copy: C:\Python27\Lib\site-packages\QSTK\QSData\Yahoo\TYC.csv
200 File Copy: C:\Python27\Lib\site-packages\QSTK\QSData\Yahoo\UIS.csv
200 File Copy: C:\Python27\Lib\site-packages\QSTK\QSData\Yahoo\UNH.csv
200 File Copy: C:\Python27\Lib\site-packages\QSTK\QSData\Yahoo\UNM.csv
200 File Copy: C:\Python27\Lib\site-packages\QSTK\QSData\Yahoo\UNP.csv
200 File Copy: C:\Python27\Lib\site-packages\QSTK\QSData\Yahoo\UPS.csv
200 File Copy: C:\Python27\Lib\site-packages\QSTK\QSData\Yahoo\URBN.csv
200 File Copy: C:\Python27\Lib\site-packages\QSTK\QSData\Yahoo\USB.csv
200 File Copy: C:\Python27\Lib\site-packages\QSTK\QSData\Yahoo\UST.csv
200 File Copy: C:\Python27\Lib\site-packages\QSTK\QSData\Yahoo\UTX.csv
200 File Copy: C:\Python27\Lib\site-packages\QSTK\QSData\Yahoo\V.csv
200 File Copy: C:\Python27\Lib\site-packages\QSTK\QSData\Yahoo\VAR.csv
200 File Copy: C:\Python27\Lib\site-packages\QSTK\QSData\Yahoo\VFC.csv
200 File Copy: C:\Python27\Lib\site-packages\QSTK\QSData\Yahoo\VIA.B.csv
200 File Copy: C:\Python27\Lib\site-packages\QSTK\QSData\Yahoo\VIAB.csv
200 File Copy: C:\Python27\Lib\site-packages\QSTK\QSData\Yahoo\VLO.csv
200 File Copy: C:\Python27\Lib\site-packages\QSTK\QSData\Yahoo\VMC.csv
200 File Copy: C:\Python27\Lib\site-packages\QSTK\QSData\Yahoo\VNO.csv
200 File Copy: C:\Python27\Lib\site-packages\QSTK\QSData\Yahoo\VRSN.csv
200 File Copy: C:\Python27\Lib\site-packages\QSTK\QSData\Yahoo\VTR.csv
200 File Copy: C:\Python27\Lib\site-packages\QSTK\QSData\Yahoo\VZ.csv
200 File Copy: C:\Python27\Lib\site-packages\QSTK\QSData\Yahoo\WAG.csv
200 File Copy: C:\Python27\Lib\site-packages\QSTK\QSData\Yahoo\WAMUQ.csv
200 File Copy: C:\Python27\Lib\site-packages\QSTK\QSData\Yahoo\WAT.csv
200 File Copy: C:\Python27\Lib\site-packages\QSTK\QSData\Yahoo\WB.csv
200 File Copy: C:\Python27\Lib\site-packages\QSTK\QSData\Yahoo\WDC.csv
200 File Copy: C:\Python27\Lib\site-packages\QSTK\QSData\Yahoo\WEC.csv
200 File Copy: C:\Python27\Lib\site-packages\QSTK\QSData\Yahoo\WEN.csv
200 File Copy: C:\Python27\Lib\site-packages\QSTK\QSData\Yahoo\WFC.csv
200 File Copy: C:\Python27\Lib\site-packages\QSTK\QSData\Yahoo\WFM.csv
200 File Copy: C:\Python27\Lib\site-packages\QSTK\QSData\Yahoo\WFR.csv
200 File Copy: C:\Python27\Lib\site-packages\QSTK\QSData\Yahoo\WFT.csv
200 File Copy: C:\Python27\Lib\site-packages\QSTK\QSData\Yahoo\WHR.csv
200 File Copy: C:\Python27\Lib\site-packages\QSTK\QSData\Yahoo\WIN.csv
200 File Copy: C:\Python27\Lib\site-packages\QSTK\QSData\Yahoo\WLP.csv
200 File Copy: C:\Python27\Lib\site-packages\QSTK\QSData\Yahoo\WM.csv
200 File Copy: C:\Python27\Lib\site-packages\QSTK\QSData\Yahoo\WMB.csv
200 File Copy: C:\Python27\Lib\site-packages\QSTK\QSData\Yahoo\WMT.csv
200 File Copy: C:\Python27\Lib\site-packages\QSTK\QSData\Yahoo\WPI.csv
200 File Copy: C:\Python27\Lib\site-packages\QSTK\QSData\Yahoo\WPO.csv
200 File Copy: C:\Python27\Lib\site-packages\QSTK\QSData\Yahoo\WPX.csv
200 File Copy: C:\Python27\Lib\site-packages\QSTK\QSData\Yahoo\WU.csv
200 File Copy: C:\Python27\Lib\site-packages\QSTK\QSData\Yahoo\WWY.csv
200 File Copy: C:\Python27\Lib\site-packages\QSTK\QSData\Yahoo\WY.csv
200 File Copy: C:\Python27\Lib\site-packages\QSTK\QSData\Yahoo\WYE.csv
200 File Copy: C:\Python27\Lib\site-packages\QSTK\QSData\Yahoo\WYN.csv
200 File Copy: C:\Python27\Lib\site-packages\QSTK\QSData\Yahoo\WYNN.csv
200 File Copy: C:\Python27\Lib\site-packages\QSTK\QSData\Yahoo\X.csv
200 File Copy: C:\Python27\Lib\site-packages\QSTK\QSData\Yahoo\XEL.csv
200 File Copy: C:\Python27\Lib\site-packages\QSTK\QSData\Yahoo\XL.csv
200 File Copy: C:\Python27\Lib\site-packages\QSTK\QSData\Yahoo\XLNX.csv
200 File Copy: C:\Python27\Lib\site-packages\QSTK\QSData\Yahoo\XOM.csv
200 File Copy: C:\Python27\Lib\site-packages\QSTK\QSData\Yahoo\XRAY.csv
200 File Copy: C:\Python27\Lib\site-packages\QSTK\QSData\Yahoo\XRX.csv
200 File Copy: C:\Python27\Lib\site-packages\QSTK\QSData\Yahoo\XTO.csv
200 File Copy: C:\Python27\Lib\site-packages\QSTK\QSData\Yahoo\XYL.csv
200 File Copy: C:\Python27\Lib\site-packages\QSTK\QSData\Yahoo\YHOO.csv
200 File Copy: C:\Python27\Lib\site-packages\QSTK\QSData\Yahoo\YUM.csv
200 File Copy: C:\Python27\Lib\site-packages\QSTK\QSData\Yahoo\ZION.csv
200 File Copy: C:\Python27\Lib\site-packages\QSTK\QSData\Yahoo\ZMH.csv
100 Made Dir: C:\Python27\Lib\site-packages\QSTK\QSData\Yahoo\Lists
200 File Copy: C:\Python27\Lib\site-packages\QSTK\QSData\Yahoo\Lists\index.txt
200 File Copy: C:\Python27\Lib\site-packages\QSTK\QSData\Yahoo\Lists\sp5002008.txt
200 File Copy: C:\Python27\Lib\site-packages\QSTK\QSData\Yahoo\Lists\sp5002012.txt
100 Made Dir: C:\Python27\Lib\site-packages\QSTK\qstkfeat
200 File Copy: C:\Python27\Lib\site-packages\QSTK\qstkfeat\classes.py
200 File Copy: C:\Python27\Lib\site-packages\QSTK\qstkfeat\features.py
200 File Copy: C:\Python27\Lib\site-packages\QSTK\qstkfeat\featutil.py
200 File Copy: C:\Python27\Lib\site-packages\QSTK\qstkfeat\__init__.py
100 Made Dir: C:\Python27\Lib\site-packages\QSTK\qstklearn
200 File Copy: C:\Python27\Lib\site-packages\QSTK\qstklearn\1knn.py
200 File Copy: C:\Python27\Lib\site-packages\QSTK\qstklearn\fastknn.py
200 File Copy: C:\Python27\Lib\site-packages\QSTK\qstklearn\gendata.py
200 File Copy: C:\Python27\Lib\site-packages\QSTK\qstklearn\hmm.py
200 File Copy: C:\Python27\Lib\site-packages\QSTK\qstklearn\kdtknn.py
200 File Copy: C:\Python27\Lib\site-packages\QSTK\qstklearn\mldiagnostics.py
200 File Copy: C:\Python27\Lib\site-packages\QSTK\qstklearn\parallelknn.py
200 File Copy: C:\Python27\Lib\site-packages\QSTK\qstklearn\__init__.py
100 Made Dir: C:\Python27\Lib\site-packages\QSTK\qstksim
200 File Copy: C:\Python27\Lib\site-packages\QSTK\qstksim\tradesim.py
200 File Copy: C:\Python27\Lib\site-packages\QSTK\qstksim\__init__.py
100 Made Dir: C:\Python27\Lib\site-packages\QSTK\qstksim\tests
200 File Copy: C:\Python27\Lib\site-packages\QSTK\qstksim\tests\test_tradesim.py
200 File Copy: C:\Python27\Lib\site-packages\QSTK\qstksim\tests\test_tradesim_SPY.py
200 File Copy: C:\Python27\Lib\site-packages\QSTK\qstksim\tests\test_tradesim_SPY_Short.py
200 File Copy: C:\Python27\Lib\site-packages\QSTK\qstksim\tests\__init__.py
100 Made Dir: C:\Python27\Lib\site-packages\QSTK\qstkstrat
200 File Copy: C:\Python27\Lib\site-packages\QSTK\qstkstrat\strategies.py
200 File Copy: C:\Python27\Lib\site-packages\QSTK\qstkstrat\__init__.py
100 Made Dir: C:\Python27\Lib\site-packages\QSTK\qstkstudy
200 File Copy: C:\Python27\Lib\site-packages\QSTK\qstkstudy\EventProfiler.py
200 File Copy: C:\Python27\Lib\site-packages\QSTK\qstkstudy\Events.py
200 File Copy: C:\Python27\Lib\site-packages\QSTK\qstkstudy\sp500.txt
200 File Copy: C:\Python27\Lib\site-packages\QSTK\qstkstudy\study.py
200 File Copy: C:\Python27\Lib\site-packages\QSTK\qstkstudy\symbol-set1.txt
200 File Copy: C:\Python27\Lib\site-packages\QSTK\qstkstudy\symbol-set2.txt
200 File Copy: C:\Python27\Lib\site-packages\QSTK\qstkstudy\__init__.py
100 Made Dir: C:\Python27\Lib\site-packages\QSTK\qstktest
200 File Copy: C:\Python27\Lib\site-packages\QSTK\qstktest\data-classification-prob.csv
200 File Copy: C:\Python27\Lib\site-packages\QSTK\qstktest\data-ripple-prob.csv
200 File Copy: C:\Python27\Lib\site-packages\QSTK\qstktest\testDataAccess.py
200 File Copy: C:\Python27\Lib\site-packages\QSTK\qstktest\testLearner.py
200 File Copy: C:\Python27\Lib\site-packages\QSTK\qstktest\__init__.py
100 Made Dir: C:\Python27\Lib\site-packages\QSTK\qstktools
200 File Copy: C:\Python27\Lib\site-packages\QSTK\qstktools\csv2fund.py
200 File Copy: C:\Python27\Lib\site-packages\QSTK\qstktools\report.py
200 File Copy: C:\Python27\Lib\site-packages\QSTK\qstktools\YahooDataPull.py
200 File Copy: C:\Python27\Lib\site-packages\QSTK\qstktools\__init__.py
100 Made Dir: C:\Python27\Lib\site-packages\QSTK\qstkutil
200 File Copy: C:\Python27\Lib\site-packages\QSTK\qstkutil\DataAccess.py
200 File Copy: C:\Python27\Lib\site-packages\QSTK\qstkutil\fundutil.py
200 File Copy: C:\Python27\Lib\site-packages\QSTK\qstkutil\graph.png
200 File Copy: C:\Python27\Lib\site-packages\QSTK\qstkutil\NYSE_dates.txt
200 File Copy: C:\Python27\Lib\site-packages\QSTK\qstkutil\qsdateutil.py
200 File Copy: C:\Python27\Lib\site-packages\QSTK\qstkutil\report.html
200 File Copy: C:\Python27\Lib\site-packages\QSTK\qstkutil\tsutil.py
200 File Copy: C:\Python27\Lib\site-packages\QSTK\qstkutil\utils.py
200 File Copy: C:\Python27\Lib\site-packages\QSTK\qstkutil\__init__.py
100 Made Dir: C:\Python27\Lib\site-packages\QSTK\qstkutil\tests
200 File Copy: C:\Python27\Lib\site-packages\QSTK\qstkutil\tests\test_utils.py
200 File Copy: C:\Python27\Lib\site-packages\QSTK\qstkutil\tests\__init__.py
100 Made Dir: C:\Python27\Lib\site-packages\QSTK-0.2.6-py2.7.egg-info
200 File Copy: C:\Python27\Lib\site-packages\QSTK-0.2.6-py2.7.egg-info\dependency_links.txt
200 File Copy: C:\Python27\Lib\site-packages\QSTK-0.2.6-py2.7.egg-info\namespace_packages.txt
200 File Copy: C:\Python27\Lib\site-packages\QSTK-0.2.6-py2.7.egg-info\PKG-INFO
200 File Copy: C:\Python27\Lib\site-packages\QSTK-0.2.6-py2.7.egg-info\requires.txt
200 File Copy: C:\Python27\Lib\site-packages\QSTK-0.2.6-py2.7.egg-info\SOURCES.txt
200 File Copy: C:\Python27\Lib\site-packages\QSTK-0.2.6-py2.7.egg-info\top_level.txt
200 File Copy: C:\Python27\Lib\site-packages\QSTK\qstkutil\tests\__init__.pyc
200 File Copy: C:\Python27\Lib\site-packages\QSTK\qstkutil\tests\test_utils.pyc
200 File Copy: C:\Python27\Lib\site-packages\QSTK\qstkutil\__init__.pyc
200 File Copy: C:\Python27\Lib\site-packages\QSTK\qstkutil\utils.pyc
200 File Copy: C:\Python27\Lib\site-packages\QSTK\qstkutil\tsutil.pyc
200 File Copy: C:\Python27\Lib\site-packages\QSTK\qstkutil\qsdateutil.pyc
200 File Copy: C:\Python27\Lib\site-packages\QSTK\qstkutil\fundutil.pyc
200 File Copy: C:\Python27\Lib\site-packages\QSTK\qstkutil\DataAccess.pyc
200 File Copy: C:\Python27\Lib\site-packages\QSTK\qstktools\__init__.pyc
200 File Copy: C:\Python27\Lib\site-packages\QSTK\qstktools\YahooDataPull.pyc
200 File Copy: C:\Python27\Lib\site-packages\QSTK\qstktools\report.pyc
200 File Copy: C:\Python27\Lib\site-packages\QSTK\qstktools\csv2fund.pyc
200 File Copy: C:\Python27\Lib\site-packages\QSTK\qstktest\__init__.pyc
200 File Copy: C:\Python27\Lib\site-packages\QSTK\qstktest\testLearner.pyc
200 File Copy: C:\Python27\Lib\site-packages\QSTK\qstktest\testDataAccess.pyc
200 File Copy: C:\Python27\Lib\site-packages\QSTK\qstkstudy\__init__.pyc
200 File Copy: C:\Python27\Lib\site-packages\QSTK\qstkstudy\study.pyc
200 File Copy: C:\Python27\Lib\site-packages\QSTK\qstkstudy\Events.pyc
200 File Copy: C:\Python27\Lib\site-packages\QSTK\qstkstudy\EventProfiler.pyc
200 File Copy: C:\Python27\Lib\site-packages\QSTK\qstkstrat\__init__.pyc
200 File Copy: C:\Python27\Lib\site-packages\QSTK\qstkstrat\strategies.pyc
200 File Copy: C:\Python27\Lib\site-packages\QSTK\qstksim\tests\__init__.pyc
200 File Copy: C:\Python27\Lib\site-packages\QSTK\qstksim\tests\test_tradesim_SPY_Short.pyc
200 File Copy: C:\Python27\Lib\site-packages\QSTK\qstksim\tests\test_tradesim_SPY.pyc
200 File Copy: C:\Python27\Lib\site-packages\QSTK\qstksim\tests\test_tradesim.pyc
200 File Copy: C:\Python27\Lib\site-packages\QSTK\qstksim\__init__.pyc
200 File Copy: C:\Python27\Lib\site-packages\QSTK\qstksim\tradesim.pyc
200 File Copy: C:\Python27\Lib\site-packages\QSTK\qstklearn\__init__.pyc
200 File Copy: C:\Python27\Lib\site-packages\QSTK\qstklearn\parallelknn.pyc
200 File Copy: C:\Python27\Lib\site-packages\QSTK\qstklearn\mldiagnostics.pyc
200 File Copy: C:\Python27\Lib\site-packages\QSTK\qstklearn\kdtknn.pyc
200 File Copy: C:\Python27\Lib\site-packages\QSTK\qstklearn\hmm.pyc
200 File Copy: C:\Python27\Lib\site-packages\QSTK\qstklearn\gendata.pyc
200 File Copy: C:\Python27\Lib\site-packages\QSTK\qstklearn\fastknn.pyc
200 File Copy: C:\Python27\Lib\site-packages\QSTK\qstklearn\1knn.pyc
200 File Copy: C:\Python27\Lib\site-packages\QSTK\qstkfeat\__init__.pyc
200 File Copy: C:\Python27\Lib\site-packages\QSTK\qstkfeat\featutil.pyc
200 File Copy: C:\Python27\Lib\site-packages\QSTK\qstkfeat\features.pyc
200 File Copy: C:\Python27\Lib\site-packages\QSTK\qstkfeat\classes.pyc
200 File Copy: C:\Python27\Lib\site-packages\bin\__init__.pyc
200 File Copy: C:\Python27\Lib\site-packages\bin\investors_report.pyc
200 File Copy: C:\Python27\Lib\site-packages\bin\gen_nyse_dates.pyc
200 File Copy: C:\Python27\Lib\site-packages\bin\Data_CSV.pyc
200 File Copy: C:\Python27\Lib\site-packages\bin\DataGenerate_SineWave.pyc
200 File Copy: C:\Python27\Lib\site-packages\bin\csvformatter.pyc
200 File Copy: C:\Python27\Lib\site-packages\bin\converter.pyc
200 File Copy: C:\Python27\Lib\site-packages\QSTK\qstkutil\tests\__init__.pyo
200 File Copy: C:\Python27\Lib\site-packages\QSTK\qstkutil\tests\test_utils.pyo
200 File Copy: C:\Python27\Lib\site-packages\QSTK\qstkutil\__init__.pyo
200 File Copy: C:\Python27\Lib\site-packages\QSTK\qstkutil\utils.pyo
200 File Copy: C:\Python27\Lib\site-packages\QSTK\qstkutil\tsutil.pyo
200 File Copy: C:\Python27\Lib\site-packages\QSTK\qstkutil\qsdateutil.pyo
200 File Copy: C:\Python27\Lib\site-packages\QSTK\qstkutil\fundutil.pyo
200 File Copy: C:\Python27\Lib\site-packages\QSTK\qstkutil\DataAccess.pyo
200 File Copy: C:\Python27\Lib\site-packages\QSTK\qstktools\__init__.pyo
200 File Copy: C:\Python27\Lib\site-packages\QSTK\qstktools\YahooDataPull.pyo
200 File Copy: C:\Python27\Lib\site-packages\QSTK\qstktools\report.pyo
200 File Copy: C:\Python27\Lib\site-packages\QSTK\qstktools\csv2fund.pyo
200 File Copy: C:\Python27\Lib\site-packages\QSTK\qstktest\__init__.pyo
200 File Copy: C:\Python27\Lib\site-packages\QSTK\qstktest\testLearner.pyo
200 File Copy: C:\Python27\Lib\site-packages\QSTK\qstktest\testDataAccess.pyo
200 File Copy: C:\Python27\Lib\site-packages\QSTK\qstkstudy\__init__.pyo
200 File Copy: C:\Python27\Lib\site-packages\QSTK\qstkstudy\study.pyo
200 File Copy: C:\Python27\Lib\site-packages\QSTK\qstkstudy\Events.pyo
200 File Copy: C:\Python27\Lib\site-packages\QSTK\qstkstudy\EventProfiler.pyo
200 File Copy: C:\Python27\Lib\site-packages\QSTK\qstkstrat\__init__.pyo
200 File Copy: C:\Python27\Lib\site-packages\QSTK\qstkstrat\strategies.pyo
200 File Copy: C:\Python27\Lib\site-packages\QSTK\qstksim\tests\__init__.pyo
200 File Copy: C:\Python27\Lib\site-packages\QSTK\qstksim\tests\test_tradesim_SPY_Short.pyo
200 File Copy: C:\Python27\Lib\site-packages\QSTK\qstksim\tests\test_tradesim_SPY.pyo
200 File Copy: C:\Python27\Lib\site-packages\QSTK\qstksim\tests\test_tradesim.pyo
200 File Copy: C:\Python27\Lib\site-packages\QSTK\qstksim\__init__.pyo
200 File Copy: C:\Python27\Lib\site-packages\QSTK\qstksim\tradesim.pyo
200 File Copy: C:\Python27\Lib\site-packages\QSTK\qstklearn\__init__.pyo
200 File Copy: C:\Python27\Lib\site-packages\QSTK\qstklearn\parallelknn.pyo
200 File Copy: C:\Python27\Lib\site-packages\QSTK\qstklearn\mldiagnostics.pyo
200 File Copy: C:\Python27\Lib\site-packages\QSTK\qstklearn\kdtknn.pyo
200 File Copy: C:\Python27\Lib\site-packages\QSTK\qstklearn\hmm.pyo
200 File Copy: C:\Python27\Lib\site-packages\QSTK\qstklearn\gendata.pyo
200 File Copy: C:\Python27\Lib\site-packages\QSTK\qstklearn\fastknn.pyo
200 File Copy: C:\Python27\Lib\site-packages\QSTK\qstklearn\1knn.pyo
200 File Copy: C:\Python27\Lib\site-packages\QSTK\qstkfeat\__init__.pyo
200 File Copy: C:\Python27\Lib\site-packages\QSTK\qstkfeat\featutil.pyo
200 File Copy: C:\Python27\Lib\site-packages\QSTK\qstkfeat\features.pyo
200 File Copy: C:\Python27\Lib\site-packages\QSTK\qstkfeat\classes.pyo
200 File Copy: C:\Python27\Lib\site-packages\bin\__init__.pyo
200 File Copy: C:\Python27\Lib\site-packages\bin\investors_report.pyo
200 File Copy: C:\Python27\Lib\site-packages\bin\gen_nyse_dates.pyo
200 File Copy: C:\Python27\Lib\site-packages\bin\Data_CSV.pyo
200 File Copy: C:\Python27\Lib\site-packages\bin\DataGenerate_SineWave.pyo
200 File Copy: C:\Python27\Lib\site-packages\bin\csvformatter.pyo
200 File Copy: C:\Python27\Lib\site-packages\bin\converter.pyo
